2024-11-09 22:16:42 [error]: Error in language analysis for phishfindertestemail@gmail.com: sentences.filter is not a function
{
  "stack": "TypeError: sentences.filter is not a function\n    at SenderLanguageProfileService.processTopicAnalysis (file:///Users/connerjordan/Documents/Projects/Vue/PhishFinder-Backend/src/services/senderLanguageProfile.service.js:192:50)\n    at SenderLanguageProfileService.analyzeSenderEmails (file:///Users/connerjordan/Documents/Projects/Vue/PhishFinder-Backend/src/services/senderLanguageProfile.service.js:85:58)\n    at process.processTicksAndRejections (node:internal/process/task_queues:105:5)\n    at async saveEmailAnalysis (file:///Users/connerjordan/Documents/Projects/Vue/PhishFinder-Backend/src/services/emailAnalysis.service.js:39:17)\n    at async analyzeEmail (file:///Users/connerjordan/Documents/Projects/Vue/PhishFinder-Backend/src/controllers/analysis.controller.js:176:26)"
}
2024-11-09 22:16:42 [error]: Error in immediate profile processing: sentences.filter is not a function
{
  "stack": "TypeError: sentences.filter is not a function\n    at SenderLanguageProfileService.processTopicAnalysis (file:///Users/connerjordan/Documents/Projects/Vue/PhishFinder-Backend/src/services/senderLanguageProfile.service.js:192:50)\n    at SenderLanguageProfileService.analyzeSenderEmails (file:///Users/connerjordan/Documents/Projects/Vue/PhishFinder-Backend/src/services/senderLanguageProfile.service.js:85:58)\n    at process.processTicksAndRejections (node:internal/process/task_queues:105:5)\n    at async saveEmailAnalysis (file:///Users/connerjordan/Documents/Projects/Vue/PhishFinder-Backend/src/services/emailAnalysis.service.js:39:17)\n    at async analyzeEmail (file:///Users/connerjordan/Documents/Projects/Vue/PhishFinder-Backend/src/controllers/analysis.controller.js:176:26)"
}
2024-11-09 22:16:42 [error]: Error in language analysis for phishfindertestemail@gmail.com: sentences.filter is not a function
{
  "stack": "TypeError: sentences.filter is not a function\n    at SenderLanguageProfileService.processTopicAnalysis (file:///Users/connerjordan/Documents/Projects/Vue/PhishFinder-Backend/src/services/senderLanguageProfile.service.js:192:50)\n    at SenderLanguageProfileService.analyzeSenderEmails (file:///Users/connerjordan/Documents/Projects/Vue/PhishFinder-Backend/src/services/senderLanguageProfile.service.js:85:58)\n    at process.processTicksAndRejections (node:internal/process/task_queues:105:5)\n    at async saveEmailAnalysis (file:///Users/connerjordan/Documents/Projects/Vue/PhishFinder-Backend/src/services/emailAnalysis.service.js:39:17)\n    at async analyzeEmail (file:///Users/connerjordan/Documents/Projects/Vue/PhishFinder-Backend/src/controllers/analysis.controller.js:176:26)"
}
2024-11-09 22:16:42 [error]: Error in immediate profile processing: sentences.filter is not a function
{
  "stack": "TypeError: sentences.filter is not a function\n    at SenderLanguageProfileService.processTopicAnalysis (file:///Users/connerjordan/Documents/Projects/Vue/PhishFinder-Backend/src/services/senderLanguageProfile.service.js:192:50)\n    at SenderLanguageProfileService.analyzeSenderEmails (file:///Users/connerjordan/Documents/Projects/Vue/PhishFinder-Backend/src/services/senderLanguageProfile.service.js:85:58)\n    at process.processTicksAndRejections (node:internal/process/task_queues:105:5)\n    at async saveEmailAnalysis (file:///Users/connerjordan/Documents/Projects/Vue/PhishFinder-Backend/src/services/emailAnalysis.service.js:39:17)\n    at async analyzeEmail (file:///Users/connerjordan/Documents/Projects/Vue/PhishFinder-Backend/src/controllers/analysis.controller.js:176:26)"
}
2024-11-09 22:16:42 [error]: Error in language analysis for phishfindertestemail@gmail.com: sentences.filter is not a function
{
  "stack": "TypeError: sentences.filter is not a function\n    at SenderLanguageProfileService.processTopicAnalysis (file:///Users/connerjordan/Documents/Projects/Vue/PhishFinder-Backend/src/services/senderLanguageProfile.service.js:192:50)\n    at SenderLanguageProfileService.analyzeSenderEmails (file:///Users/connerjordan/Documents/Projects/Vue/PhishFinder-Backend/src/services/senderLanguageProfile.service.js:85:58)\n    at process.processTicksAndRejections (node:internal/process/task_queues:105:5)\n    at async saveEmailAnalysis (file:///Users/connerjordan/Documents/Projects/Vue/PhishFinder-Backend/src/services/emailAnalysis.service.js:39:17)\n    at async analyzeEmail (file:///Users/connerjordan/Documents/Projects/Vue/PhishFinder-Backend/src/controllers/analysis.controller.js:176:26)"
}
2024-11-09 22:16:42 [error]: Error in immediate profile processing: sentences.filter is not a function
{
  "stack": "TypeError: sentences.filter is not a function\n    at SenderLanguageProfileService.processTopicAnalysis (file:///Users/connerjordan/Documents/Projects/Vue/PhishFinder-Backend/src/services/senderLanguageProfile.service.js:192:50)\n    at SenderLanguageProfileService.analyzeSenderEmails (file:///Users/connerjordan/Documents/Projects/Vue/PhishFinder-Backend/src/services/senderLanguageProfile.service.js:85:58)\n    at process.processTicksAndRejections (node:internal/process/task_queues:105:5)\n    at async saveEmailAnalysis (file:///Users/connerjordan/Documents/Projects/Vue/PhishFinder-Backend/src/services/emailAnalysis.service.js:39:17)\n    at async analyzeEmail (file:///Users/connerjordan/Documents/Projects/Vue/PhishFinder-Backend/src/controllers/analysis.controller.js:176:26)"
}
2024-11-09 22:16:42 [error]: Error in language analysis for phishfindertestemail@gmail.com: sentences.filter is not a function
{
  "stack": "TypeError: sentences.filter is not a function\n    at SenderLanguageProfileService.processTopicAnalysis (file:///Users/connerjordan/Documents/Projects/Vue/PhishFinder-Backend/src/services/senderLanguageProfile.service.js:192:50)\n    at SenderLanguageProfileService.analyzeSenderEmails (file:///Users/connerjordan/Documents/Projects/Vue/PhishFinder-Backend/src/services/senderLanguageProfile.service.js:85:58)\n    at process.processTicksAndRejections (node:internal/process/task_queues:105:5)\n    at async saveEmailAnalysis (file:///Users/connerjordan/Documents/Projects/Vue/PhishFinder-Backend/src/services/emailAnalysis.service.js:39:17)\n    at async analyzeEmail (file:///Users/connerjordan/Documents/Projects/Vue/PhishFinder-Backend/src/controllers/analysis.controller.js:176:26)"
}
2024-11-09 22:16:42 [error]: Error in immediate profile processing: sentences.filter is not a function
{
  "stack": "TypeError: sentences.filter is not a function\n    at SenderLanguageProfileService.processTopicAnalysis (file:///Users/connerjordan/Documents/Projects/Vue/PhishFinder-Backend/src/services/senderLanguageProfile.service.js:192:50)\n    at SenderLanguageProfileService.analyzeSenderEmails (file:///Users/connerjordan/Documents/Projects/Vue/PhishFinder-Backend/src/services/senderLanguageProfile.service.js:85:58)\n    at process.processTicksAndRejections (node:internal/process/task_queues:105:5)\n    at async saveEmailAnalysis (file:///Users/connerjordan/Documents/Projects/Vue/PhishFinder-Backend/src/services/emailAnalysis.service.js:39:17)\n    at async analyzeEmail (file:///Users/connerjordan/Documents/Projects/Vue/PhishFinder-Backend/src/controllers/analysis.controller.js:176:26)"
}
2024-11-09 22:16:42 [error]: Error in language analysis for phishfindertestemail@gmail.com: sentences.filter is not a function
{
  "stack": "TypeError: sentences.filter is not a function\n    at SenderLanguageProfileService.processTopicAnalysis (file:///Users/connerjordan/Documents/Projects/Vue/PhishFinder-Backend/src/services/senderLanguageProfile.service.js:192:50)\n    at SenderLanguageProfileService.analyzeSenderEmails (file:///Users/connerjordan/Documents/Projects/Vue/PhishFinder-Backend/src/services/senderLanguageProfile.service.js:85:58)\n    at process.processTicksAndRejections (node:internal/process/task_queues:105:5)\n    at async saveEmailAnalysis (file:///Users/connerjordan/Documents/Projects/Vue/PhishFinder-Backend/src/services/emailAnalysis.service.js:39:17)\n    at async analyzeEmail (file:///Users/connerjordan/Documents/Projects/Vue/PhishFinder-Backend/src/controllers/analysis.controller.js:176:26)"
}
2024-11-09 22:16:42 [error]: Error in immediate profile processing: sentences.filter is not a function
{
  "stack": "TypeError: sentences.filter is not a function\n    at SenderLanguageProfileService.processTopicAnalysis (file:///Users/connerjordan/Documents/Projects/Vue/PhishFinder-Backend/src/services/senderLanguageProfile.service.js:192:50)\n    at SenderLanguageProfileService.analyzeSenderEmails (file:///Users/connerjordan/Documents/Projects/Vue/PhishFinder-Backend/src/services/senderLanguageProfile.service.js:85:58)\n    at process.processTicksAndRejections (node:internal/process/task_queues:105:5)\n    at async saveEmailAnalysis (file:///Users/connerjordan/Documents/Projects/Vue/PhishFinder-Backend/src/services/emailAnalysis.service.js:39:17)\n    at async analyzeEmail (file:///Users/connerjordan/Documents/Projects/Vue/PhishFinder-Backend/src/controllers/analysis.controller.js:176:26)"
}
2024-11-09 22:16:42 [error]: Error in language analysis for phishfindertestemail@gmail.com: sentences.filter is not a function
{
  "stack": "TypeError: sentences.filter is not a function\n    at SenderLanguageProfileService.processTopicAnalysis (file:///Users/connerjordan/Documents/Projects/Vue/PhishFinder-Backend/src/services/senderLanguageProfile.service.js:192:50)\n    at SenderLanguageProfileService.analyzeSenderEmails (file:///Users/connerjordan/Documents/Projects/Vue/PhishFinder-Backend/src/services/senderLanguageProfile.service.js:85:58)\n    at process.processTicksAndRejections (node:internal/process/task_queues:105:5)\n    at async saveEmailAnalysis (file:///Users/connerjordan/Documents/Projects/Vue/PhishFinder-Backend/src/services/emailAnalysis.service.js:39:17)\n    at async analyzeEmail (file:///Users/connerjordan/Documents/Projects/Vue/PhishFinder-Backend/src/controllers/analysis.controller.js:176:26)"
}
2024-11-09 22:16:42 [error]: Error in immediate profile processing: sentences.filter is not a function
{
  "stack": "TypeError: sentences.filter is not a function\n    at SenderLanguageProfileService.processTopicAnalysis (file:///Users/connerjordan/Documents/Projects/Vue/PhishFinder-Backend/src/services/senderLanguageProfile.service.js:192:50)\n    at SenderLanguageProfileService.analyzeSenderEmails (file:///Users/connerjordan/Documents/Projects/Vue/PhishFinder-Backend/src/services/senderLanguageProfile.service.js:85:58)\n    at process.processTicksAndRejections (node:internal/process/task_queues:105:5)\n    at async saveEmailAnalysis (file:///Users/connerjordan/Documents/Projects/Vue/PhishFinder-Backend/src/services/emailAnalysis.service.js:39:17)\n    at async analyzeEmail (file:///Users/connerjordan/Documents/Projects/Vue/PhishFinder-Backend/src/controllers/analysis.controller.js:176:26)"
}
2024-11-09 22:21:27 [error]: Error processing profiles for sender phishfindertestemail@gmail.com: Cannot read properties of undefined (reading 'wordFrequency')
{
  "stack": "TypeError: Cannot read properties of undefined (reading 'wordFrequency')\n    at processUnprocessedEmails (file:///Users/connerjordan/Documents/Projects/Vue/PhishFinder-Backend/src/jobs/updateSenderProfiles.js:77:60)\n    at process.processTicksAndRejections (node:internal/process/task_queues:105:5)"
}
